DEPRECATION WARNING: config.action_view.debug_rjs will be removed in 3.1, from 3.1 onwards you will need to install prototype-rails to continue to use RJS templates . (called from service at /home/marissa/.rvm/rubies/ruby-1.9.2-p290/lib/ruby/1.9.1/webrick/httpserver.rb:111)


Started POST "/pages/login" for 127.0.0.1 at 2012-04-29 21:46:13 -1000
  [1m[36mSQL (0.9ms)[0m  [1mSHOW client_min_messages[0m
  [1m[35mSQL (0.6ms)[0m  SET client_min_messages TO 'panic'
  [1m[36mSQL (0.9ms)[0m  [1mSET standard_conforming_strings = on[0m
  [1m[35mSQL (0.8ms)[0m  SET client_min_messages TO 'notice'
  [1m[36mSQL (1.4ms)[0m  [1mSET time zone 'UTC'[0m
  [1m[35mSQL (0.6ms)[0m  SHOW TIME ZONE
  Processing by PagesController#login as HTML
  Parameters: {"username"=>"admin", "password"=>"[FILTERED]"}
  [1m[36mSQL (9.8ms)[0m  [1mselect getID('admin','admin')[0m
  [1m[35mSQL (15.1ms)[0m   SELECT a.attname, format_type(a.atttypid, a.atttypmod), d.adsrc, a.attnotnull
 FROM pg_attribute a LEFT JOIN pg_attrdef d
 ON a.attrelid = d.adrelid AND a.attnum = d.adnum
 WHERE a.attrelid = '"users"'::regclass
 AND a.attnum > 0 AND NOT a.attisdropped
 ORDER BY a.attnum
  [1m[36mSQL (6.3ms)[0m  [1m SELECT tablename
 FROM pg_tables
 WHERE schemaname = ANY (current_schemas(false))
[0m
  [1m[35mSQL (1.2ms)[0m   SELECT a.attname, format_type(a.atttypid, a.atttypmod), d.adsrc, a.attnotnull
 FROM pg_attribute a LEFT JOIN pg_attrdef d
 ON a.attrelid = d.adrelid AND a.attnum = d.adnum
 WHERE a.attrelid = '"users"'::regclass
 AND a.attnum > 0 AND NOT a.attisdropped
 ORDER BY a.attnum
  [1m[36mUser Load (1.3ms)[0m  [1mSELECT "users".* FROM "users" WHERE "users"."id" = 1 LIMIT 1[0m
Redirected to http://localhost:3000/pages/admin
Completed 302 Found in 214ms


Started GET "/pages/admin" for 127.0.0.1 at 2012-04-29 21:46:15 -1000
  Processing by PagesController#admin as HTML
Rendered text template (0.0ms)
Completed 200 OK in 25ms (Views: 23.8ms | ActiveRecord: 38.9ms)


Started GET "/users/index.json" for 127.0.0.1 at 2012-04-29 21:46:15 -1000
  Processing by UsersController#index as JSON
  [1m[35mUser Load (1.6ms)[0m  SELECT "users".* FROM "users"
  [1m[36mSQL (1.3ms)[0m  [1m SELECT a.attname, format_type(a.atttypid, a.atttypmod), d.adsrc, a.attnotnull
 FROM pg_attribute a LEFT JOIN pg_attrdef d
 ON a.attrelid = d.adrelid AND a.attnum = d.adnum
 WHERE a.attrelid = '"users"'::regclass
 AND a.attnum > 0 AND NOT a.attisdropped
 ORDER BY a.attnum
[0m
Completed 200 OK in 19ms (Views: 12.7ms | ActiveRecord: 2.9ms)


Started GET "/question/survey" for 127.0.0.1 at 2012-04-29 21:47:44 -1000

ActionController::RoutingError (No route matches "/question/survey"):
  

Rendered /home/marissa/.rvm/gems/ruby-1.9.2-p290@rails3/gems/actionpack-3.0.11/lib/action_dispatch/middleware/templates/rescues/routing_error.erb within rescues/layout (1.5ms)


Started GET "/questions/survey" for 127.0.0.1 at 2012-04-29 21:47:50 -1000
  Processing by QuestionsController#survey as HTML
  [1m[35mSQL (3.5ms)[0m   SELECT a.attname, format_type(a.atttypid, a.atttypmod), d.adsrc, a.attnotnull
 FROM pg_attribute a LEFT JOIN pg_attrdef d
 ON a.attrelid = d.adrelid AND a.attnum = d.adnum
 WHERE a.attrelid = '"survey_questions_view"'::regclass
 AND a.attnum > 0 AND NOT a.attisdropped
 ORDER BY a.attnum
  [1m[36mSQL (4.0ms)[0m  [1m SELECT COUNT(*)
 FROM pg_tables
 WHERE tablename = 'survey_questions_view'
 AND schemaname = ANY (current_schemas(false))
[0m
  [1m[35mSurveyQuestions Load (4.2ms)[0m  SELECT "survey_questions_view".* FROM "survey_questions_view" WHERE "survey_questions_view"."sid" IS NULL
Rendered questions/survey.html.erb within layouts/application (13.6ms)
Completed 200 OK in 39ms (Views: 20.5ms | ActiveRecord: 11.7ms)


Started POST "/questions/updateResults" for 127.0.0.1 at 2012-04-29 21:47:56 -1000
  Processing by QuestionsController#updateResults as HTML
  Parameters: {"survey_id"=>"0"}
  [1m[36mSQL (4.5ms)[0m  [1m SELECT a.attname, format_type(a.atttypid, a.atttypmod), d.adsrc, a.attnotnull
 FROM pg_attribute a LEFT JOIN pg_attrdef d
 ON a.attrelid = d.adrelid AND a.attnum = d.adnum
 WHERE a.attrelid = '"survey_questions_view"'::regclass
 AND a.attnum > 0 AND NOT a.attisdropped
 ORDER BY a.attnum
[0m
  [1m[35mSQL (1.4ms)[0m   SELECT COUNT(*)
 FROM pg_tables
 WHERE tablename = 'survey_questions_view'
 AND schemaname = ANY (current_schemas(false))
  [1m[36mSurveyQuestions Load (1.3ms)[0m  [1mSELECT "survey_questions_view".* FROM "survey_questions_view" WHERE "survey_questions_view"."sid" = '0'[0m
Rendered questions/updateResults.html.erb within layouts/application (13.5ms)
Completed 200 OK in 46ms (Views: 23.3ms | ActiveRecord: 7.3ms)


Started GET "/questions/createSurvey" for 127.0.0.1 at 2012-04-29 21:48:16 -1000
  Processing by QuestionsController#createSurvey as HTML
Rendered questions/createSurvey.html.haml within layouts/application (12.1ms)
Completed 200 OK in 21ms (Views: 20.3ms | ActiveRecord: 0.0ms)


Started POST "/questions/handleCreateSurvey" for 127.0.0.1 at 2012-04-29 21:49:10 -1000
  Processing by QuestionsController#handleCreateSurvey as HTML
  Parameters: {"s_name"=>"test", "dept"=>"admin", "division"=>"admin", "q_1"=>"How was the lunch", "q_2"=>"How was the teaching", "q_3"=>"Rate the cafe", "q_4"=>"Rate the material", "q_5"=>"Rate this class overall"}
  [1m[35mSQL (32.7ms)[0m  select addSurvey('test','How was the lunch','How was the teaching','Rate the cafe','Rate the material','Rate this class overall')
Redirected to http://localhost:3000/questions/createSurvey
Completed 302 Found in 34ms


Started GET "/questions/createSurvey" for 127.0.0.1 at 2012-04-29 21:49:10 -1000
  Processing by QuestionsController#createSurvey as HTML
Rendered questions/createSurvey.html.haml within layouts/application (24.0ms)
Completed 200 OK in 32ms (Views: 30.0ms | ActiveRecord: 32.7ms)


Started GET "/questions/survey" for 127.0.0.1 at 2012-04-29 21:49:32 -1000
  Processing by QuestionsController#survey as HTML
  [1m[36mSQL (3.7ms)[0m  [1m SELECT a.attname, format_type(a.atttypid, a.atttypmod), d.adsrc, a.attnotnull
 FROM pg_attribute a LEFT JOIN pg_attrdef d
 ON a.attrelid = d.adrelid AND a.attnum = d.adnum
 WHERE a.attrelid = '"survey_questions_view"'::regclass
 AND a.attnum > 0 AND NOT a.attisdropped
 ORDER BY a.attnum
[0m
  [1m[35mSQL (1.6ms)[0m   SELECT COUNT(*)
 FROM pg_tables
 WHERE tablename = 'survey_questions_view'
 AND schemaname = ANY (current_schemas(false))
  [1m[36mSurveyQuestions Load (1.3ms)[0m  [1mSELECT "survey_questions_view".* FROM "survey_questions_view" WHERE "survey_questions_view"."sid" IS NULL[0m
Rendered questions/survey.html.erb within layouts/application (6.8ms)
Completed 200 OK in 29ms (Views: 13.8ms | ActiveRecord: 6.7ms)


Started POST "/questions/updateResults" for 127.0.0.1 at 2012-04-29 21:49:34 -1000
  Processing by QuestionsController#updateResults as HTML
  Parameters: {"survey_id"=>"0"}
  [1m[35mSQL (7.6ms)[0m   SELECT a.attname, format_type(a.atttypid, a.atttypmod), d.adsrc, a.attnotnull
 FROM pg_attribute a LEFT JOIN pg_attrdef d
 ON a.attrelid = d.adrelid AND a.attnum = d.adnum
 WHERE a.attrelid = '"survey_questions_view"'::regclass
 AND a.attnum > 0 AND NOT a.attisdropped
 ORDER BY a.attnum
  [1m[36mSQL (1.2ms)[0m  [1m SELECT COUNT(*)
 FROM pg_tables
 WHERE tablename = 'survey_questions_view'
 AND schemaname = ANY (current_schemas(false))
[0m
  [1m[35mSurveyQuestions Load (0.7ms)[0m  SELECT "survey_questions_view".* FROM "survey_questions_view" WHERE "survey_questions_view"."sid" = '0'
Rendered questions/updateResults.html.erb within layouts/application (6.9ms)
Completed 200 OK in 31ms (Views: 15.9ms | ActiveRecord: 9.6ms)


Started GET "/questions/survey" for 127.0.0.1 at 2012-04-29 21:51:10 -1000
  Processing by QuestionsController#survey as HTML
  [1m[36mSQL (3.9ms)[0m  [1m SELECT a.attname, format_type(a.atttypid, a.atttypmod), d.adsrc, a.attnotnull
 FROM pg_attribute a LEFT JOIN pg_attrdef d
 ON a.attrelid = d.adrelid AND a.attnum = d.adnum
 WHERE a.attrelid = '"survey_questions_view"'::regclass
 AND a.attnum > 0 AND NOT a.attisdropped
 ORDER BY a.attnum
[0m
  [1m[35mSQL (1.9ms)[0m   SELECT COUNT(*)
 FROM pg_tables
 WHERE tablename = 'survey_questions_view'
 AND schemaname = ANY (current_schemas(false))
  [1m[36mSurveyQuestions Load (0.8ms)[0m  [1mSELECT "survey_questions_view".* FROM "survey_questions_view" WHERE "survey_questions_view"."sid" IS NULL[0m
Rendered questions/survey.html.erb within layouts/application (5.6ms)
Completed 200 OK in 28ms (Views: 14.8ms | ActiveRecord: 6.6ms)


Started GET "/questions/survey" for 127.0.0.1 at 2012-04-29 21:51:43 -1000
  Processing by QuestionsController#survey as HTML
  [1m[35mSQL (12.1ms)[0m   SELECT a.attname, format_type(a.atttypid, a.atttypmod), d.adsrc, a.attnotnull
 FROM pg_attribute a LEFT JOIN pg_attrdef d
 ON a.attrelid = d.adrelid AND a.attnum = d.adnum
 WHERE a.attrelid = '"survey_questions_view"'::regclass
 AND a.attnum > 0 AND NOT a.attisdropped
 ORDER BY a.attnum
  [1m[36mSQL (1.5ms)[0m  [1m SELECT COUNT(*)
 FROM pg_tables
 WHERE tablename = 'survey_questions_view'
 AND schemaname = ANY (current_schemas(false))
[0m
  [1m[35mSurveyQuestions Load (3.2ms)[0m  SELECT "survey_questions_view".* FROM "survey_questions_view" WHERE "survey_questions_view"."sid" IS NULL
Rendered questions/survey.html.erb within layouts/application (4.2ms)
Completed 200 OK in 46ms (Views: 13.9ms | ActiveRecord: 16.8ms)


Started GET "/questions/survey" for 127.0.0.1 at 2012-04-29 21:51:45 -1000
  Processing by QuestionsController#survey as HTML
  [1m[36mSQL (12.0ms)[0m  [1m SELECT a.attname, format_type(a.atttypid, a.atttypmod), d.adsrc, a.attnotnull
 FROM pg_attribute a LEFT JOIN pg_attrdef d
 ON a.attrelid = d.adrelid AND a.attnum = d.adnum
 WHERE a.attrelid = '"survey_questions_view"'::regclass
 AND a.attnum > 0 AND NOT a.attisdropped
 ORDER BY a.attnum
[0m
  [1m[35mSQL (1.9ms)[0m   SELECT COUNT(*)
 FROM pg_tables
 WHERE tablename = 'survey_questions_view'
 AND schemaname = ANY (current_schemas(false))
  [1m[36mSurveyQuestions Load (9.5ms)[0m  [1mSELECT "survey_questions_view".* FROM "survey_questions_view" WHERE "survey_questions_view"."sid" IS NULL[0m
Rendered questions/survey.html.erb within layouts/application (9.3ms)
Completed 200 OK in 80ms (Views: 32.9ms | ActiveRecord: 23.4ms)


Started GET "/questions/chooseSurvey" for 127.0.0.1 at 2012-04-29 21:53:29 -1000
  Processing by QuestionsController#chooseSurvey as HTML
  [1m[35mSQL (11.5ms)[0m   SELECT a.attname, format_type(a.atttypid, a.atttypmod), d.adsrc, a.attnotnull
 FROM pg_attribute a LEFT JOIN pg_attrdef d
 ON a.attrelid = d.adrelid AND a.attnum = d.adnum
 WHERE a.attrelid = '"surveys"'::regclass
 AND a.attnum > 0 AND NOT a.attisdropped
 ORDER BY a.attnum
  [1m[36mSQL (1.0ms)[0m  [1m SELECT a.attname, format_type(a.atttypid, a.atttypmod), d.adsrc, a.attnotnull
 FROM pg_attribute a LEFT JOIN pg_attrdef d
 ON a.attrelid = d.adrelid AND a.attnum = d.adnum
 WHERE a.attrelid = '"surveys"'::regclass
 AND a.attnum > 0 AND NOT a.attisdropped
 ORDER BY a.attnum
[0m
  [1m[35mSurvey Load (0.8ms)[0m  SELECT "surveys".* FROM "surveys" WHERE "surveys"."survey_name" IS NULL LIMIT 1
Rendered questions/chooseSurvey.html.haml within layouts/application (46.5ms)
Completed 200 OK in 73ms (Views: 52.7ms | ActiveRecord: 13.4ms)


Started POST "/questions/chooseSurvey" for 127.0.0.1 at 2012-04-29 21:54:34 -1000
  Processing by QuestionsController#chooseSurvey as HTML
  Parameters: {"s_name"=>"test"}
  [1m[36mSQL (3.3ms)[0m  [1m SELECT a.attname, format_type(a.atttypid, a.atttypmod), d.adsrc, a.attnotnull
 FROM pg_attribute a LEFT JOIN pg_attrdef d
 ON a.attrelid = d.adrelid AND a.attnum = d.adnum
 WHERE a.attrelid = '"surveys"'::regclass
 AND a.attnum > 0 AND NOT a.attisdropped
 ORDER BY a.attnum
[0m
  [1m[35mSQL (2.0ms)[0m   SELECT a.attname, format_type(a.atttypid, a.atttypmod), d.adsrc, a.attnotnull
 FROM pg_attribute a LEFT JOIN pg_attrdef d
 ON a.attrelid = d.adrelid AND a.attnum = d.adnum
 WHERE a.attrelid = '"surveys"'::regclass
 AND a.attnum > 0 AND NOT a.attisdropped
 ORDER BY a.attnum
  [1m[36mSurvey Load (0.9ms)[0m  [1mSELECT "surveys".* FROM "surveys" WHERE "surveys"."survey_name" = 'test' LIMIT 1[0m
Redirected to http://localhost:3000/questions/survey
Completed 302 Found in 17ms


Started GET "/questions/survey" for 127.0.0.1 at 2012-04-29 21:54:34 -1000
  Processing by QuestionsController#survey as HTML
  [1m[35mSQL (1.9ms)[0m   SELECT a.attname, format_type(a.atttypid, a.atttypmod), d.adsrc, a.attnotnull
 FROM pg_attribute a LEFT JOIN pg_attrdef d
 ON a.attrelid = d.adrelid AND a.attnum = d.adnum
 WHERE a.attrelid = '"survey_questions_view"'::regclass
 AND a.attnum > 0 AND NOT a.attisdropped
 ORDER BY a.attnum
  [1m[36mSQL (1.4ms)[0m  [1m SELECT COUNT(*)
 FROM pg_tables
 WHERE tablename = 'survey_questions_view'
 AND schemaname = ANY (current_schemas(false))
[0m
  [1m[35mSurveyQuestions Load (1.4ms)[0m  SELECT "survey_questions_view".* FROM "survey_questions_view" WHERE "survey_questions_view"."sid" = 1
Rendered questions/survey.html.erb within layouts/application (13.5ms)
Completed 200 OK in 37ms (Views: 23.1ms | ActiveRecord: 10.9ms)


Started POST "/questions/updateResults" for 127.0.0.1 at 2012-04-29 21:54:55 -1000
  Processing by QuestionsController#updateResults as HTML
  Parameters: {"1"=>"1", "2"=>"1", "3"=>"1", "4"=>"1", "5"=>"1", "survey_id"=>"1"}
  [1m[36mSQL (5.0ms)[0m  [1m SELECT a.attname, format_type(a.atttypid, a.atttypmod), d.adsrc, a.attnotnull
 FROM pg_attribute a LEFT JOIN pg_attrdef d
 ON a.attrelid = d.adrelid AND a.attnum = d.adnum
 WHERE a.attrelid = '"survey_questions_view"'::regclass
 AND a.attnum > 0 AND NOT a.attisdropped
 ORDER BY a.attnum
[0m
  [1m[35mSQL (1.5ms)[0m   SELECT COUNT(*)
 FROM pg_tables
 WHERE tablename = 'survey_questions_view'
 AND schemaname = ANY (current_schemas(false))
  [1m[36mSurveyQuestions Load (4.3ms)[0m  [1mSELECT "survey_questions_view".* FROM "survey_questions_view" WHERE "survey_questions_view"."sid" = '1'[0m
  [1m[35mSQL (29.9ms)[0m  select updateResult(1,1)
  [1m[36mSQL (2.2ms)[0m  [1mselect updateResult(2,1)[0m
  [1m[35mSQL (2.3ms)[0m  select updateResult(3,1)
  [1m[36mSQL (4.6ms)[0m  [1mselect updateResult(4,1)[0m
  [1m[35mSQL (6.2ms)[0m  select updateResult(5,1)
Rendered questions/updateResults.html.erb within layouts/application (4.8ms)
Completed 200 OK in 95ms (Views: 12.7ms | ActiveRecord: 56.1ms)


Started GET "/questions/chooseSurvey" for 127.0.0.1 at 2012-04-29 21:56:54 -1000
  Processing by QuestionsController#chooseSurvey as HTML
  [1m[36mSQL (7.9ms)[0m  [1m SELECT a.attname, format_type(a.atttypid, a.atttypmod), d.adsrc, a.attnotnull
 FROM pg_attribute a LEFT JOIN pg_attrdef d
 ON a.attrelid = d.adrelid AND a.attnum = d.adnum
 WHERE a.attrelid = '"surveys"'::regclass
 AND a.attnum > 0 AND NOT a.attisdropped
 ORDER BY a.attnum
[0m
  [1m[35mSQL (2.0ms)[0m   SELECT a.attname, format_type(a.atttypid, a.atttypmod), d.adsrc, a.attnotnull
 FROM pg_attribute a LEFT JOIN pg_attrdef d
 ON a.attrelid = d.adrelid AND a.attnum = d.adnum
 WHERE a.attrelid = '"surveys"'::regclass
 AND a.attnum > 0 AND NOT a.attisdropped
 ORDER BY a.attnum
  [1m[36mSurvey Load (0.8ms)[0m  [1mSELECT "surveys".* FROM "surveys" WHERE "surveys"."survey_name" IS NULL LIMIT 1[0m
Rendered questions/chooseSurvey.html.haml within layouts/application (7.0ms)
Completed 200 OK in 30ms (Views: 13.9ms | ActiveRecord: 10.7ms)


Started POST "/questions/chooseSurvey" for 127.0.0.1 at 2012-04-29 21:56:57 -1000
  Processing by QuestionsController#chooseSurvey as HTML
  Parameters: {"s_name"=>"test"}
  [1m[35mSQL (1.9ms)[0m   SELECT a.attname, format_type(a.atttypid, a.atttypmod), d.adsrc, a.attnotnull
 FROM pg_attribute a LEFT JOIN pg_attrdef d
 ON a.attrelid = d.adrelid AND a.attnum = d.adnum
 WHERE a.attrelid = '"surveys"'::regclass
 AND a.attnum > 0 AND NOT a.attisdropped
 ORDER BY a.attnum
  [1m[36mSQL (1.7ms)[0m  [1m SELECT a.attname, format_type(a.atttypid, a.atttypmod), d.adsrc, a.attnotnull
 FROM pg_attribute a LEFT JOIN pg_attrdef d
 ON a.attrelid = d.adrelid AND a.attnum = d.adnum
 WHERE a.attrelid = '"surveys"'::regclass
 AND a.attnum > 0 AND NOT a.attisdropped
 ORDER BY a.attnum
[0m
  [1m[35mSurvey Load (0.9ms)[0m  SELECT "surveys".* FROM "surveys" WHERE "surveys"."survey_name" = 'test' LIMIT 1
Redirected to http://localhost:3000/questions/survey
Completed 302 Found in 15ms


Started GET "/questions/survey" for 127.0.0.1 at 2012-04-29 21:56:57 -1000
  Processing by QuestionsController#survey as HTML
  [1m[36mSQL (4.4ms)[0m  [1m SELECT a.attname, format_type(a.atttypid, a.atttypmod), d.adsrc, a.attnotnull
 FROM pg_attribute a LEFT JOIN pg_attrdef d
 ON a.attrelid = d.adrelid AND a.attnum = d.adnum
 WHERE a.attrelid = '"survey_questions_view"'::regclass
 AND a.attnum > 0 AND NOT a.attisdropped
 ORDER BY a.attnum
[0m
  [1m[35mSQL (1.7ms)[0m   SELECT COUNT(*)
 FROM pg_tables
 WHERE tablename = 'survey_questions_view'
 AND schemaname = ANY (current_schemas(false))
  [1m[36mSurveyQuestions Load (1.1ms)[0m  [1mSELECT "survey_questions_view".* FROM "survey_questions_view" WHERE "survey_questions_view"."sid" = 1[0m
Rendered questions/survey.html.erb within layouts/application (8.9ms)
Completed 200 OK in 32ms (Views: 17.7ms | ActiveRecord: 11.7ms)


Started POST "/questions/updateResults" for 127.0.0.1 at 2012-04-29 21:57:09 -1000
  Processing by QuestionsController#updateResults as HTML
  Parameters: {"1"=>"1", "2"=>"1", "3"=>"1", "4"=>"1", "5"=>"1", "survey_id"=>"1"}
  [1m[35mSQL (9.5ms)[0m   SELECT a.attname, format_type(a.atttypid, a.atttypmod), d.adsrc, a.attnotnull
 FROM pg_attribute a LEFT JOIN pg_attrdef d
 ON a.attrelid = d.adrelid AND a.attnum = d.adnum
 WHERE a.attrelid = '"survey_questions_view"'::regclass
 AND a.attnum > 0 AND NOT a.attisdropped
 ORDER BY a.attnum
  [1m[36mSQL (3.9ms)[0m  [1m SELECT COUNT(*)
 FROM pg_tables
 WHERE tablename = 'survey_questions_view'
 AND schemaname = ANY (current_schemas(false))
[0m
  [1m[35mSurveyQuestions Load (1.3ms)[0m  SELECT "survey_questions_view".* FROM "survey_questions_view" WHERE "survey_questions_view"."sid" = '1'
  [1m[36mSQL (18.2ms)[0m  [1mselect updateResult(1,1)[0m
Redirected to http://localhost:3000/questions/chooseSurvey
  [1m[35mSQL (2.3ms)[0m  select updateResult(2,1)
Redirected to 
Completed 500 Internal Server Error in 50ms

AbstractController::DoubleRenderError (Render and/or redirect were called multiple times in this action. Please note that you may only call render OR redirect, and at most once per action. Also note that neither redirect nor render terminate execution of the action, so if you want to exit an action after redirecting, you need to do something like "redirect_to(...) and return".):
  app/controllers/questions_controller.rb:33:in `block in updateResults'
  app/controllers/questions_controller.rb:30:in `each'
  app/controllers/questions_controller.rb:30:in `updateResults'

Rendered /home/marissa/.rvm/gems/ruby-1.9.2-p290@rails3/gems/actionpack-3.0.11/lib/action_dispatch/middleware/templates/rescues/_trace.erb (2.1ms)
Rendered /home/marissa/.rvm/gems/ruby-1.9.2-p290@rails3/gems/actionpack-3.0.11/lib/action_dispatch/middleware/templates/rescues/_request_and_response.erb (6.2ms)
Rendered /home/marissa/.rvm/gems/ruby-1.9.2-p290@rails3/gems/actionpack-3.0.11/lib/action_dispatch/middleware/templates/rescues/diagnostics.erb within rescues/layout (16.3ms)


Started GET "/questions/survey" for 127.0.0.1 at 2012-04-29 21:58:00 -1000

SyntaxError (/home/marissa/rails_apps/proj3/app/controllers/questions_controller.rb:50: syntax error, unexpected keyword_end, expecting $end):
  

Rendered /home/marissa/.rvm/gems/ruby-1.9.2-p290@rails3/gems/actionpack-3.0.11/lib/action_dispatch/middleware/templates/rescues/_trace.erb (9.7ms)
Rendered /home/marissa/.rvm/gems/ruby-1.9.2-p290@rails3/gems/actionpack-3.0.11/lib/action_dispatch/middleware/templates/rescues/_request_and_response.erb (2.1ms)
Rendered /home/marissa/.rvm/gems/ruby-1.9.2-p290@rails3/gems/actionpack-3.0.11/lib/action_dispatch/middleware/templates/rescues/diagnostics.erb within rescues/layout (31.5ms)


Started GET "/questions/survey" for 127.0.0.1 at 2012-04-29 21:58:10 -1000
  Processing by QuestionsController#survey as HTML
  [1m[36mSQL (8.1ms)[0m  [1m SELECT a.attname, format_type(a.atttypid, a.atttypmod), d.adsrc, a.attnotnull
 FROM pg_attribute a LEFT JOIN pg_attrdef d
 ON a.attrelid = d.adrelid AND a.attnum = d.adnum
 WHERE a.attrelid = '"survey_questions_view"'::regclass
 AND a.attnum > 0 AND NOT a.attisdropped
 ORDER BY a.attnum
[0m
  [1m[35mSQL (5.6ms)[0m   SELECT COUNT(*)
 FROM pg_tables
 WHERE tablename = 'survey_questions_view'
 AND schemaname = ANY (current_schemas(false))
  [1m[36mSurveyQuestions Load (0.9ms)[0m  [1mSELECT "survey_questions_view".* FROM "survey_questions_view" WHERE "survey_questions_view"."sid" = 1[0m
Rendered questions/survey.html.erb within layouts/application (7.7ms)
Completed 200 OK in 40ms (Views: 17.0ms | ActiveRecord: 14.7ms)


Started POST "/questions/updateResults" for 127.0.0.1 at 2012-04-29 21:58:15 -1000
  Processing by QuestionsController#updateResults as HTML
  Parameters: {"1"=>"1", "2"=>"1", "3"=>"1", "4"=>"1", "5"=>"1", "survey_id"=>"1"}
  [1m[35mSQL (5.2ms)[0m   SELECT a.attname, format_type(a.atttypid, a.atttypmod), d.adsrc, a.attnotnull
 FROM pg_attribute a LEFT JOIN pg_attrdef d
 ON a.attrelid = d.adrelid AND a.attnum = d.adnum
 WHERE a.attrelid = '"survey_questions_view"'::regclass
 AND a.attnum > 0 AND NOT a.attisdropped
 ORDER BY a.attnum
  [1m[36mSQL (3.6ms)[0m  [1m SELECT COUNT(*)
 FROM pg_tables
 WHERE tablename = 'survey_questions_view'
 AND schemaname = ANY (current_schemas(false))
[0m
  [1m[35mSurveyQuestions Load (1.6ms)[0m  SELECT "survey_questions_view".* FROM "survey_questions_view" WHERE "survey_questions_view"."sid" = '1'
  [1m[36mSQL (4.9ms)[0m  [1mselect updateResult(1,1)[0m
  [1m[35mSQL (4.9ms)[0m  select updateResult(2,1)
  [1m[36mSQL (3.3ms)[0m  [1mselect updateResult(3,1)[0m
  [1m[35mSQL (2.9ms)[0m  select updateResult(4,1)
  [1m[36mSQL (4.2ms)[0m  [1mselect updateResult(5,1)[0m
Redirected to http://localhost:3000/questions/chooseSurvey
Completed 302 Found in 61ms


Started GET "/questions/chooseSurvey" for 127.0.0.1 at 2012-04-29 21:58:16 -1000
  Processing by QuestionsController#chooseSurvey as HTML
  [1m[35mSQL (1.6ms)[0m   SELECT a.attname, format_type(a.atttypid, a.atttypmod), d.adsrc, a.attnotnull
 FROM pg_attribute a LEFT JOIN pg_attrdef d
 ON a.attrelid = d.adrelid AND a.attnum = d.adnum
 WHERE a.attrelid = '"surveys"'::regclass
 AND a.attnum > 0 AND NOT a.attisdropped
 ORDER BY a.attnum
  [1m[36mSQL (2.2ms)[0m  [1m SELECT a.attname, format_type(a.atttypid, a.atttypmod), d.adsrc, a.attnotnull
 FROM pg_attribute a LEFT JOIN pg_attrdef d
 ON a.attrelid = d.adrelid AND a.attnum = d.adnum
 WHERE a.attrelid = '"surveys"'::regclass
 AND a.attnum > 0 AND NOT a.attisdropped
 ORDER BY a.attnum
[0m
  [1m[35mSurvey Load (0.7ms)[0m  SELECT "surveys".* FROM "surveys" WHERE "surveys"."survey_name" IS NULL LIMIT 1
Rendered questions/chooseSurvey.html.haml within layouts/application (9.5ms)
Completed 200 OK in 80ms (Views: 15.9ms | ActiveRecord: 35.1ms)
  [1m[36mSQL (1.2ms)[0m  [1mSHOW client_min_messages[0m
  [1m[35mSQL (0.8ms)[0m  SET client_min_messages TO 'panic'
  [1m[36mSQL (0.7ms)[0m  [1mSET standard_conforming_strings = on[0m
  [1m[35mSQL (0.6ms)[0m  SET client_min_messages TO 'notice'
  [1m[36mSQL (2.2ms)[0m  [1mSET time zone 'UTC'[0m
  [1m[35mSQL (0.6ms)[0m  SHOW TIME ZONE
  [1m[36mQuestion Load (4.0ms)[0m  [1mSELECT "questions".* FROM "questions"[0m
  [1m[35mSQL (6.8ms)[0m   SELECT a.attname, format_type(a.atttypid, a.atttypmod), d.adsrc, a.attnotnull
 FROM pg_attribute a LEFT JOIN pg_attrdef d
 ON a.attrelid = d.adrelid AND a.attnum = d.adnum
 WHERE a.attrelid = '"questions"'::regclass
 AND a.attnum > 0 AND NOT a.attisdropped
 ORDER BY a.attnum
  [1m[36mSurvey Load (8.7ms)[0m  [1mSELECT "surveys".* FROM "surveys"[0m
  [1m[35mSQL (1.4ms)[0m   SELECT a.attname, format_type(a.atttypid, a.atttypmod), d.adsrc, a.attnotnull
 FROM pg_attribute a LEFT JOIN pg_attrdef d
 ON a.attrelid = d.adrelid AND a.attnum = d.adnum
 WHERE a.attrelid = '"surveys"'::regclass
 AND a.attnum > 0 AND NOT a.attisdropped
 ORDER BY a.attnum


Started GET "/questions/createSurvey" for 127.0.0.1 at 2012-04-29 22:01:19 -1000
  Processing by QuestionsController#createSurvey as HTML
Rendered questions/createSurvey.html.haml within layouts/application (12.8ms)
Completed 200 OK in 23ms (Views: 22.2ms | ActiveRecord: 0.0ms)


Started POST "/questions/handleCreateSurvey" for 127.0.0.1 at 2012-04-29 22:02:13 -1000
  Processing by QuestionsController#handleCreateSurvey as HTML
  Parameters: {"s_name"=>"test3", "dept"=>"admin", "division"=>"admin", "q_1"=>"How would you rate the instructor", "q_2"=>"How was the teaching", "q_3"=>"how was the material", "q_4"=>"how was the helpfulness", "q_5"=>"how was the course overall"}
  [1m[36mSQL (33.1ms)[0m  [1mselect addSurvey('test3','How would you rate the instructor','How was the teaching','how was the material','how was the helpfulness','how was the course overall')[0m
Redirected to http://localhost:3000/questions/createSurvey
Completed 302 Found in 37ms


Started GET "/questions/createSurvey" for 127.0.0.1 at 2012-04-29 22:02:13 -1000
  Processing by QuestionsController#createSurvey as HTML
Rendered questions/createSurvey.html.haml within layouts/application (13.7ms)
Completed 200 OK in 35ms (Views: 34.2ms | ActiveRecord: 33.1ms)
  [1m[36mSurvey Load (8.0ms)[0m  [1mSELECT "surveys".* FROM "surveys"[0m


Started GET "/questions/chooseSurvey" for 127.0.0.1 at 2012-04-29 22:02:47 -1000
  Processing by QuestionsController#chooseSurvey as HTML
  [1m[35mSQL (3.5ms)[0m   SELECT a.attname, format_type(a.atttypid, a.atttypmod), d.adsrc, a.attnotnull
 FROM pg_attribute a LEFT JOIN pg_attrdef d
 ON a.attrelid = d.adrelid AND a.attnum = d.adnum
 WHERE a.attrelid = '"surveys"'::regclass
 AND a.attnum > 0 AND NOT a.attisdropped
 ORDER BY a.attnum
  [1m[36mSQL (2.5ms)[0m  [1m SELECT a.attname, format_type(a.atttypid, a.atttypmod), d.adsrc, a.attnotnull
 FROM pg_attribute a LEFT JOIN pg_attrdef d
 ON a.attrelid = d.adrelid AND a.attnum = d.adnum
 WHERE a.attrelid = '"surveys"'::regclass
 AND a.attnum > 0 AND NOT a.attisdropped
 ORDER BY a.attnum
[0m
  [1m[35mSurvey Load (1.0ms)[0m  SELECT "surveys".* FROM "surveys" WHERE "surveys"."survey_name" IS NULL LIMIT 1
Rendered questions/chooseSurvey.html.haml within layouts/application (10.8ms)
Completed 200 OK in 43ms (Views: 18.8ms | ActiveRecord: 6.9ms)


Started POST "/questions/chooseSurvey" for 127.0.0.1 at 2012-04-29 22:02:53 -1000
  Processing by QuestionsController#chooseSurvey as HTML
  Parameters: {"s_name"=>"test3"}
  [1m[36mSQL (2.5ms)[0m  [1m SELECT a.attname, format_type(a.atttypid, a.atttypmod), d.adsrc, a.attnotnull
 FROM pg_attribute a LEFT JOIN pg_attrdef d
 ON a.attrelid = d.adrelid AND a.attnum = d.adnum
 WHERE a.attrelid = '"surveys"'::regclass
 AND a.attnum > 0 AND NOT a.attisdropped
 ORDER BY a.attnum
[0m
  [1m[35mSQL (1.7ms)[0m   SELECT a.attname, format_type(a.atttypid, a.atttypmod), d.adsrc, a.attnotnull
 FROM pg_attribute a LEFT JOIN pg_attrdef d
 ON a.attrelid = d.adrelid AND a.attnum = d.adnum
 WHERE a.attrelid = '"surveys"'::regclass
 AND a.attnum > 0 AND NOT a.attisdropped
 ORDER BY a.attnum
  [1m[36mSurvey Load (1.1ms)[0m  [1mSELECT "surveys".* FROM "surveys" WHERE "surveys"."survey_name" = 'test3' LIMIT 1[0m
Redirected to http://localhost:3000/questions/survey
Completed 302 Found in 15ms


Started GET "/questions/survey" for 127.0.0.1 at 2012-04-29 22:02:53 -1000
  Processing by QuestionsController#survey as HTML
  [1m[35mSQL (2.2ms)[0m   SELECT a.attname, format_type(a.atttypid, a.atttypmod), d.adsrc, a.attnotnull
 FROM pg_attribute a LEFT JOIN pg_attrdef d
 ON a.attrelid = d.adrelid AND a.attnum = d.adnum
 WHERE a.attrelid = '"survey_questions_view"'::regclass
 AND a.attnum > 0 AND NOT a.attisdropped
 ORDER BY a.attnum
  [1m[36mSQL (1.7ms)[0m  [1m SELECT COUNT(*)
 FROM pg_tables
 WHERE tablename = 'survey_questions_view'
 AND schemaname = ANY (current_schemas(false))
[0m
  [1m[35mSurveyQuestions Load (1.2ms)[0m  SELECT "survey_questions_view".* FROM "survey_questions_view" WHERE "survey_questions_view"."sid" = 5
Rendered questions/survey.html.erb within layouts/application (17.5ms)
Completed 200 OK in 36ms (Views: 24.9ms | ActiveRecord: 10.5ms)


Started POST "/questions/updateResults" for 127.0.0.1 at 2012-04-29 22:04:16 -1000
  Processing by QuestionsController#updateResults as HTML
  Parameters: {"16"=>"3", "17"=>"4", "18"=>"4", "19"=>"5", "20"=>"4", "survey_id"=>"5"}
  [1m[36mSQL (12.7ms)[0m  [1m SELECT a.attname, format_type(a.atttypid, a.atttypmod), d.adsrc, a.attnotnull
 FROM pg_attribute a LEFT JOIN pg_attrdef d
 ON a.attrelid = d.adrelid AND a.attnum = d.adnum
 WHERE a.attrelid = '"survey_questions_view"'::regclass
 AND a.attnum > 0 AND NOT a.attisdropped
 ORDER BY a.attnum
[0m
  [1m[35mSQL (1.7ms)[0m   SELECT COUNT(*)
 FROM pg_tables
 WHERE tablename = 'survey_questions_view'
 AND schemaname = ANY (current_schemas(false))
  [1m[36mSurveyQuestions Load (1.4ms)[0m  [1mSELECT "survey_questions_view".* FROM "survey_questions_view" WHERE "survey_questions_view"."sid" = '5'[0m
  [1m[35mSQL (34.4ms)[0m  select updateResult(16,3)
  [1m[36mSQL (3.6ms)[0m  [1mselect updateResult(17,4)[0m
  [1m[35mSQL (3.3ms)[0m  select updateResult(18,4)
  [1m[36mSQL (3.8ms)[0m  [1mselect updateResult(19,5)[0m
  [1m[35mSQL (2.7ms)[0m  select updateResult(20,4)
Redirected to http://localhost:3000/questions/chooseSurvey
Completed 302 Found in 78ms


Started GET "/questions/chooseSurvey" for 127.0.0.1 at 2012-04-29 22:04:16 -1000
  Processing by QuestionsController#chooseSurvey as HTML
  [1m[36mSQL (8.0ms)[0m  [1m SELECT a.attname, format_type(a.atttypid, a.atttypmod), d.adsrc, a.attnotnull
 FROM pg_attribute a LEFT JOIN pg_attrdef d
 ON a.attrelid = d.adrelid AND a.attnum = d.adnum
 WHERE a.attrelid = '"surveys"'::regclass
 AND a.attnum > 0 AND NOT a.attisdropped
 ORDER BY a.attnum
[0m
  [1m[35mSQL (2.3ms)[0m   SELECT a.attname, format_type(a.atttypid, a.atttypmod), d.adsrc, a.attnotnull
 FROM pg_attribute a LEFT JOIN pg_attrdef d
 ON a.attrelid = d.adrelid AND a.attnum = d.adnum
 WHERE a.attrelid = '"surveys"'::regclass
 AND a.attnum > 0 AND NOT a.attisdropped
 ORDER BY a.attnum
  [1m[36mSurvey Load (1.5ms)[0m  [1mSELECT "surveys".* FROM "surveys" WHERE "surveys"."survey_name" IS NULL LIMIT 1[0m
Rendered questions/chooseSurvey.html.haml within layouts/application (8.4ms)
Completed 200 OK in 41ms (Views: 21.9ms | ActiveRecord: 75.4ms)


Started POST "/questions/updateResults" for 127.0.0.1 at 2012-04-29 22:04:59 -1000
  Processing by QuestionsController#updateResults as HTML
  Parameters: {"16"=>"3", "17"=>"4", "18"=>"4", "19"=>"5", "20"=>"4", "survey_id"=>"5"}
  [1m[35mSQL (19.1ms)[0m   SELECT a.attname, format_type(a.atttypid, a.atttypmod), d.adsrc, a.attnotnull
 FROM pg_attribute a LEFT JOIN pg_attrdef d
 ON a.attrelid = d.adrelid AND a.attnum = d.adnum
 WHERE a.attrelid = '"survey_questions_view"'::regclass
 AND a.attnum > 0 AND NOT a.attisdropped
 ORDER BY a.attnum
  [1m[36mSQL (12.6ms)[0m  [1m SELECT COUNT(*)
 FROM pg_tables
 WHERE tablename = 'survey_questions_view'
 AND schemaname = ANY (current_schemas(false))
[0m
  [1m[35mSurveyQuestions Load (1.4ms)[0m  SELECT "survey_questions_view".* FROM "survey_questions_view" WHERE "survey_questions_view"."sid" = '5'
  [1m[36mSQL (5.4ms)[0m  [1mselect updateResult(16,3)[0m
  [1m[35mSQL (3.4ms)[0m  select updateResult(17,4)
  [1m[36mSQL (3.2ms)[0m  [1mselect updateResult(18,4)[0m
  [1m[35mSQL (9.0ms)[0m  select updateResult(19,5)
  [1m[36mSQL (20.2ms)[0m  [1mselect updateResult(20,4)[0m
Redirected to http://localhost:3000/questions/chooseSurvey
Completed 302 Found in 95ms


Started GET "/questions/chooseSurvey" for 127.0.0.1 at 2012-04-29 22:05:00 -1000
  Processing by QuestionsController#chooseSurvey as HTML
  [1m[35mSQL (1.9ms)[0m   SELECT a.attname, format_type(a.atttypid, a.atttypmod), d.adsrc, a.attnotnull
 FROM pg_attribute a LEFT JOIN pg_attrdef d
 ON a.attrelid = d.adrelid AND a.attnum = d.adnum
 WHERE a.attrelid = '"surveys"'::regclass
 AND a.attnum > 0 AND NOT a.attisdropped
 ORDER BY a.attnum
  [1m[36mSQL (1.7ms)[0m  [1m SELECT a.attname, format_type(a.atttypid, a.atttypmod), d.adsrc, a.attnotnull
 FROM pg_attribute a LEFT JOIN pg_attrdef d
 ON a.attrelid = d.adrelid AND a.attnum = d.adnum
 WHERE a.attrelid = '"surveys"'::regclass
 AND a.attnum > 0 AND NOT a.attisdropped
 ORDER BY a.attnum
[0m
  [1m[35mSurvey Load (1.0ms)[0m  SELECT "surveys".* FROM "surveys" WHERE "surveys"."survey_name" IS NULL LIMIT 1
Rendered questions/chooseSurvey.html.haml within layouts/application (7.2ms)
Completed 200 OK in 35ms (Views: 22.9ms | ActiveRecord: 78.9ms)


Started POST "/pages/login" for 127.0.0.1 at 2012-04-29 22:06:33 -1000
  Processing by PagesController#login as HTML
  Parameters: {"username"=>"janedoe", "password"=>"[FILTERED]"}
  [1m[36mSQL (3.6ms)[0m  [1mselect getID('janedoe','janey')[0m
  [1m[35mSQL (1.9ms)[0m   SELECT a.attname, format_type(a.atttypid, a.atttypmod), d.adsrc, a.attnotnull
 FROM pg_attribute a LEFT JOIN pg_attrdef d
 ON a.attrelid = d.adrelid AND a.attnum = d.adnum
 WHERE a.attrelid = '"users"'::regclass
 AND a.attnum > 0 AND NOT a.attisdropped
 ORDER BY a.attnum
  [1m[36mSQL (1.6ms)[0m  [1m SELECT a.attname, format_type(a.atttypid, a.atttypmod), d.adsrc, a.attnotnull
 FROM pg_attribute a LEFT JOIN pg_attrdef d
 ON a.attrelid = d.adrelid AND a.attnum = d.adnum
 WHERE a.attrelid = '"users"'::regclass
 AND a.attnum > 0 AND NOT a.attisdropped
 ORDER BY a.attnum
[0m
  [1m[35mUser Load (0.9ms)[0m  SELECT "users".* FROM "users" WHERE "users"."id" = 2 LIMIT 1
Redirected to http://localhost:3000/pages/admin
Completed 302 Found in 24ms


Started GET "/pages/admin" for 127.0.0.1 at 2012-04-29 22:06:34 -1000
  Processing by PagesController#admin as HTML
Rendered text template (0.0ms)
Completed 200 OK in 5ms (Views: 1.2ms | ActiveRecord: 8.0ms)


Started POST "/pages/login" for 127.0.0.1 at 2012-04-29 22:22:20 -1000
  Processing by PagesController#login as HTML
  Parameters: {"username"=>"admin", "password"=>"[FILTERED]"}
  [1m[36mSQL (2.7ms)[0m  [1mselect getID('admin','admin')[0m
  [1m[35mSQL (1.7ms)[0m   SELECT a.attname, format_type(a.atttypid, a.atttypmod), d.adsrc, a.attnotnull
 FROM pg_attribute a LEFT JOIN pg_attrdef d
 ON a.attrelid = d.adrelid AND a.attnum = d.adnum
 WHERE a.attrelid = '"users"'::regclass
 AND a.attnum > 0 AND NOT a.attisdropped
 ORDER BY a.attnum
  [1m[36mSQL (1.5ms)[0m  [1m SELECT a.attname, format_type(a.atttypid, a.atttypmod), d.adsrc, a.attnotnull
 FROM pg_attribute a LEFT JOIN pg_attrdef d
 ON a.attrelid = d.adrelid AND a.attnum = d.adnum
 WHERE a.attrelid = '"users"'::regclass
 AND a.attnum > 0 AND NOT a.attisdropped
 ORDER BY a.attnum
[0m
  [1m[35mUser Load (1.7ms)[0m  SELECT "users".* FROM "users" WHERE "users"."id" = 1 LIMIT 1
Redirected to http://localhost:3000/pages/admin
Completed 302 Found in 23ms


Started GET "/pages/admin" for 127.0.0.1 at 2012-04-29 22:22:21 -1000
  Processing by PagesController#admin as HTML
Rendered text template (0.0ms)
Completed 200 OK in 2ms (Views: 1.0ms | ActiveRecord: 7.6ms)


Started GET "/users/index.json" for 127.0.0.1 at 2012-04-29 22:22:21 -1000
  Processing by UsersController#index as JSON
  [1m[36mUser Load (1.5ms)[0m  [1mSELECT "users".* FROM "users"[0m
  [1m[35mSQL (1.4ms)[0m   SELECT a.attname, format_type(a.atttypid, a.atttypmod), d.adsrc, a.attnotnull
 FROM pg_attribute a LEFT JOIN pg_attrdef d
 ON a.attrelid = d.adrelid AND a.attnum = d.adnum
 WHERE a.attrelid = '"users"'::regclass
 AND a.attnum > 0 AND NOT a.attisdropped
 ORDER BY a.attnum
Completed 200 OK in 20ms (Views: 12.7ms | ActiveRecord: 2.9ms)


Started POST "/pages/login" for 127.0.0.1 at 2012-04-29 22:25:58 -1000
  Processing by PagesController#login as HTML
  Parameters: {"username"=>"admin", "password"=>"[FILTERED]"}
  [1m[36mSQL (4.1ms)[0m  [1mselect getID('admin','admin')[0m
  [1m[35mSQL (3.6ms)[0m   SELECT a.attname, format_type(a.atttypid, a.atttypmod), d.adsrc, a.attnotnull
 FROM pg_attribute a LEFT JOIN pg_attrdef d
 ON a.attrelid = d.adrelid AND a.attnum = d.adnum
 WHERE a.attrelid = '"users"'::regclass
 AND a.attnum > 0 AND NOT a.attisdropped
 ORDER BY a.attnum
  [1m[36mSQL (1.4ms)[0m  [1m SELECT a.attname, format_type(a.atttypid, a.atttypmod), d.adsrc, a.attnotnull
 FROM pg_attribute a LEFT JOIN pg_attrdef d
 ON a.attrelid = d.adrelid AND a.attnum = d.adnum
 WHERE a.attrelid = '"users"'::regclass
 AND a.attnum > 0 AND NOT a.attisdropped
 ORDER BY a.attnum
[0m
  [1m[35mUser Load (1.0ms)[0m  SELECT "users".* FROM "users" WHERE "users"."id" = 1 LIMIT 1
Redirected to http://localhost:3000/pages/admin
Completed 302 Found in 54ms


Started GET "/pages/admin" for 127.0.0.1 at 2012-04-29 22:25:58 -1000
  Processing by PagesController#admin as HTML
Rendered text template (0.0ms)
Completed 200 OK in 2ms (Views: 0.9ms | ActiveRecord: 10.0ms)


Started GET "/users/index.json" for 127.0.0.1 at 2012-04-29 22:25:58 -1000
  Processing by UsersController#index as JSON
  [1m[36mUser Load (1.1ms)[0m  [1mSELECT "users".* FROM "users"[0m
  [1m[35mSQL (2.1ms)[0m   SELECT a.attname, format_type(a.atttypid, a.atttypmod), d.adsrc, a.attnotnull
 FROM pg_attribute a LEFT JOIN pg_attrdef d
 ON a.attrelid = d.adrelid AND a.attnum = d.adnum
 WHERE a.attrelid = '"users"'::regclass
 AND a.attnum > 0 AND NOT a.attisdropped
 ORDER BY a.attnum
Completed 200 OK in 25ms (Views: 17.0ms | ActiveRecord: 3.2ms)


Started POST "/pages/login" for 127.0.0.1 at 2012-04-29 22:30:38 -1000
  Processing by PagesController#login as HTML
  Parameters: {"username"=>"janedoe", "password"=>"[FILTERED]"}
  [1m[36mSQL (3.1ms)[0m  [1mselect getID('janedoe','janey')[0m
  [1m[35mSQL (2.6ms)[0m   SELECT a.attname, format_type(a.atttypid, a.atttypmod), d.adsrc, a.attnotnull
 FROM pg_attribute a LEFT JOIN pg_attrdef d
 ON a.attrelid = d.adrelid AND a.attnum = d.adnum
 WHERE a.attrelid = '"users"'::regclass
 AND a.attnum > 0 AND NOT a.attisdropped
 ORDER BY a.attnum
  [1m[36mSQL (1.9ms)[0m  [1m SELECT a.attname, format_type(a.atttypid, a.atttypmod), d.adsrc, a.attnotnull
 FROM pg_attribute a LEFT JOIN pg_attrdef d
 ON a.attrelid = d.adrelid AND a.attnum = d.adnum
 WHERE a.attrelid = '"users"'::regclass
 AND a.attnum > 0 AND NOT a.attisdropped
 ORDER BY a.attnum
[0m
  [1m[35mUser Load (0.8ms)[0m  SELECT "users".* FROM "users" WHERE "users"."id" = 2 LIMIT 1
Redirected to http://localhost:3000/pages/admin
Completed 302 Found in 23ms


Started GET "/pages/admin" for 127.0.0.1 at 2012-04-29 22:30:38 -1000
  Processing by PagesController#admin as HTML
Rendered text template (0.0ms)
Completed 200 OK in 2ms (Views: 1.0ms | ActiveRecord: 8.5ms)


Started POST "/pages/login" for 127.0.0.1 at 2012-04-29 22:50:44 -1000
  Processing by PagesController#login as HTML
  Parameters: {"username"=>"janedoe", "password"=>"[FILTERED]"}
  [1m[36mSQL (3.6ms)[0m  [1mselect getID('janedoe','janey')[0m
  [1m[35mSQL (1.6ms)[0m   SELECT a.attname, format_type(a.atttypid, a.atttypmod), d.adsrc, a.attnotnull
 FROM pg_attribute a LEFT JOIN pg_attrdef d
 ON a.attrelid = d.adrelid AND a.attnum = d.adnum
 WHERE a.attrelid = '"users"'::regclass
 AND a.attnum > 0 AND NOT a.attisdropped
 ORDER BY a.attnum
  [1m[36mSQL (1.4ms)[0m  [1m SELECT a.attname, format_type(a.atttypid, a.atttypmod), d.adsrc, a.attnotnull
 FROM pg_attribute a LEFT JOIN pg_attrdef d
 ON a.attrelid = d.adrelid AND a.attnum = d.adnum
 WHERE a.attrelid = '"users"'::regclass
 AND a.attnum > 0 AND NOT a.attisdropped
 ORDER BY a.attnum
[0m
  [1m[35mUser Load (1.2ms)[0m  SELECT "users".* FROM "users" WHERE "users"."id" = 2 LIMIT 1
Redirected to http://localhost:3000/pages/admin
Completed 302 Found in 21ms


Started GET "/pages/admin" for 127.0.0.1 at 2012-04-29 22:50:44 -1000
  Processing by PagesController#admin as HTML
Rendered text template (0.0ms)
Completed 200 OK in 2ms (Views: 1.3ms | ActiveRecord: 7.8ms)


Started POST "/pages/login" for 127.0.0.1 at 2012-04-29 23:00:53 -1000
  Processing by PagesController#login as HTML
  Parameters: {"username"=>"janedoe", "password"=>"[FILTERED]"}
  [1m[36mSQL (3.4ms)[0m  [1mselect getID('janedoe','janey')[0m
  [1m[35mSQL (3.0ms)[0m   SELECT a.attname, format_type(a.atttypid, a.atttypmod), d.adsrc, a.attnotnull
 FROM pg_attribute a LEFT JOIN pg_attrdef d
 ON a.attrelid = d.adrelid AND a.attnum = d.adnum
 WHERE a.attrelid = '"users"'::regclass
 AND a.attnum > 0 AND NOT a.attisdropped
 ORDER BY a.attnum
  [1m[36mSQL (1.4ms)[0m  [1m SELECT a.attname, format_type(a.atttypid, a.atttypmod), d.adsrc, a.attnotnull
 FROM pg_attribute a LEFT JOIN pg_attrdef d
 ON a.attrelid = d.adrelid AND a.attnum = d.adnum
 WHERE a.attrelid = '"users"'::regclass
 AND a.attnum > 0 AND NOT a.attisdropped
 ORDER BY a.attnum
[0m
  [1m[35mUser Load (0.9ms)[0m  SELECT "users".* FROM "users" WHERE "users"."id" = 2 LIMIT 1
Redirected to http://localhost:3000/pages/admin
Completed 302 Found in 25ms


Started GET "/pages/admin" for 127.0.0.1 at 2012-04-29 23:00:54 -1000
  Processing by PagesController#admin as HTML
Rendered text template (0.0ms)
Completed 200 OK in 2ms (Views: 1.0ms | ActiveRecord: 8.7ms)
